MireaProject/app/build/intermediates/manifest_merge_blame_file/debug/manifest-merger-blame-debug-report.txt
1<?xml version="1.0" encoding="utf-8"?>
2<manifest xmlns:android="http://schemas.android.com/apk/res/android"
3    package="ru.mirea.maiorovaa.mireaproject"
4    android:versionCode="1"
5    android:versionName="1.0" >
6
7    <uses-sdk
8        android:minSdkVersion="26"
9        android:targetSdkVersion="34" />
10
11    <uses-feature
11-->src\main\AndroidManifest.xml:5:5-7:36
12        android:name="android.hardware.camera"
12-->src\main\AndroidManifest.xml:6:9-47
13        android:required="false" />
13-->src\main\AndroidManifest.xml:7:9-33
14
15    <uses-permission android:name="android.permission.WRITE_EXTERNAL_STORAGE" />
15-->src\main\AndroidManifest.xml:9:5-81
15-->src\main\AndroidManifest.xml:9:22-78
16    <uses-permission android:name="android.permission.INTERNET" />
16-->src\main\AndroidManifest.xml:10:5-67
16-->src\main\AndroidManifest.xml:10:22-64
17    <uses-permission android:name="android.permission.CAMERA" />
17-->src\main\AndroidManifest.xml:11:5-65
17-->src\main\AndroidManifest.xml:11:22-62
18    <uses-permission android:name="android.permission.RECORD_AUDIO" />
18-->src\main\AndroidManifest.xml:12:5-71
18-->src\main\AndroidManifest.xml:12:22-68
19    <uses-permission android:name="android.permission.ACCESS_COARSE_LOCATION" />
19-->src\main\AndroidManifest.xml:13:5-80
19-->src\main\AndroidManifest.xml:13:22-78
20    <uses-permission android:name="android.permission.ACCESS_FINE_LOCATION" />
20-->src\main\AndroidManifest.xml:14:5-78
20-->src\main\AndroidManifest.xml:14:22-76
21    <uses-permission android:name="android.permission.ACCESS_BACKGROUND_LOCATION" />
21-->src\main\AndroidManifest.xml:15:5-84
21-->src\main\AndroidManifest.xml:15:22-82
22    <uses-permission android:name="android.permission.ACCESS_NETWORK_STATE" />
22-->[com.yandex.android:maps.mobile:4.3.1-full] AndroidManifest.xml:13:5-79
22-->[com.yandex.android:maps.mobile:4.3.1-full] AndroidManifest.xml:13:22-76
23    <uses-permission android:name="android.permission.ACCESS_WIFI_STATE" />
23-->[com.yandex.android:maps.mobile:4.3.1-full] AndroidManifest.xml:15:5-76
23-->[com.yandex.android:maps.mobile:4.3.1-full] AndroidManifest.xml:15:22-73
24    <uses-permission android:name="android.permission.CHANGE_WIFI_STATE" />
24-->[com.yandex.android:maps.mobile:4.3.1-full] AndroidManifest.xml:16:5-76
24-->[com.yandex.android:maps.mobile:4.3.1-full] AndroidManifest.xml:16:22-73
25    <uses-permission android:name="android.permission.WAKE_LOCK" />
25-->[com.yandex.android:maps.mobile:4.3.1-full] AndroidManifest.xml:21:5-68
25-->[com.yandex.android:maps.mobile:4.3.1-full] AndroidManifest.xml:21:22-65
26    <uses-permission android:name="android.permission.RECEIVE_BOOT_COMPLETED" />
26-->[com.yandex.android:maps.mobile:4.3.1-full] AndroidManifest.xml:22:5-81
26-->[com.yandex.android:maps.mobile:4.3.1-full] AndroidManifest.xml:22:22-78
27    <uses-permission android:name="android.permission.FOREGROUND_SERVICE" />
27-->[androidx.work:work-runtime:2.8.1] AndroidManifest.xml:26:5-77
27-->[androidx.work:work-runtime:2.8.1] AndroidManifest.xml:26:22-74
28    <uses-permission android:name="com.google.android.providers.gsf.permission.READ_GSERVICES" />
28-->[com.google.android.recaptcha:recaptcha:18.4.0] AndroidManifest.xml:9:5-98
28-->[com.google.android.recaptcha:recaptcha:18.4.0] AndroidManifest.xml:9:22-95
29
30    <permission
30-->[androidx.core:core:1.9.0] AndroidManifest.xml:22:5-24:47
31        android:name="ru.mirea.maiorovaa.mireaproject.DYNAMIC_RECEIVER_NOT_EXPORTED_PERMISSION"
31-->[androidx.core:core:1.9.0] AndroidManifest.xml:23:9-81
32        android:protectionLevel="signature" />
32-->[androidx.core:core:1.9.0] AndroidManifest.xml:24:9-44
33
34    <uses-permission android:name="ru.mirea.maiorovaa.mireaproject.DYNAMIC_RECEIVER_NOT_EXPORTED_PERMISSION" />
34-->[androidx.core:core:1.9.0] AndroidManifest.xml:26:5-97
34-->[androidx.core:core:1.9.0] AndroidManifest.xml:26:22-94
35
36    <application
36-->src\main\AndroidManifest.xml:16:5-47:19
37        android:allowBackup="true"
37-->src\main\AndroidManifest.xml:17:9-35
38        android:appComponentFactory="androidx.core.app.CoreComponentFactory"
38-->[androidx.core:core:1.9.0] AndroidManifest.xml:28:18-86
39        android:dataExtractionRules="@xml/data_extraction_rules"
39-->src\main\AndroidManifest.xml:18:9-65
40        android:debuggable="true"
41        android:extractNativeLibs="false"
42        android:fullBackupContent="@xml/backup_rules"
42-->src\main\AndroidManifest.xml:19:9-54
43        android:icon="@mipmap/ic_launcher"
43-->src\main\AndroidManifest.xml:20:9-43
44        android:label="@string/app_name"
44-->src\main\AndroidManifest.xml:21:9-41
45        android:roundIcon="@mipmap/ic_launcher_round"
45-->src\main\AndroidManifest.xml:22:9-54
46        android:supportsRtl="true"
46-->src\main\AndroidManifest.xml:23:9-35
47        android:testOnly="true"
48        android:theme="@style/Theme.MireaProject" >
48-->src\main\AndroidManifest.xml:24:9-50
49
50        <!-- Замена MainActivity на LoginActivity в качестве точки входа -->
51        <activity
51-->src\main\AndroidManifest.xml:27:9-33:20
52            android:name="ru.mirea.maiorovaa.mireaproject.LoginActivity"
52-->src\main\AndroidManifest.xml:27:19-48
53            android:exported="true" >
53-->src\main\AndroidManifest.xml:28:13-36
54            <intent-filter>
54-->src\main\AndroidManifest.xml:29:13-32:29
55                <action android:name="android.intent.action.MAIN" />
55-->src\main\AndroidManifest.xml:30:17-69
55-->src\main\AndroidManifest.xml:30:25-66
56
57                <category android:name="android.intent.category.LAUNCHER" />
57-->src\main\AndroidManifest.xml:31:17-77
57-->src\main\AndroidManifest.xml:31:27-74
58            </intent-filter>
59        </activity>
60        <!-- Оставление MainActivity в качестве дополнительной activity -->
61        <activity
61-->src\main\AndroidManifest.xml:35:9-46:20
62            android:name="ru.mirea.maiorovaa.mireaproject.MainActivity"
62-->src\main\AndroidManifest.xml:36:13-41
63            android:exported="true"
63-->src\main\AndroidManifest.xml:37:13-36
64            android:label="@string/app_name"
64-->src\main\AndroidManifest.xml:38:13-45
65            android:theme="@style/Theme.MireaProject.NoActionBar" >
65-->src\main\AndroidManifest.xml:39:13-66
66
67            <!-- Удаление intent-filter для MainActivity -->
68            <!--
69            <intent-filter>
70                <action android:name="android.intent.action.MAIN" />
71
72                <category android:name="android.intent.category.LAUNCHER" />
73            </intent-filter>
74            -->
75        </activity>
76
77        <meta-data
77-->[com.yandex.android:maps.mobile:4.3.1-full] AndroidManifest.xml:25:9-27:38
78            android:name="yandex.maps.runtime.stl.linkage"
78-->[com.yandex.android:maps.mobile:4.3.1-full] AndroidManifest.xml:26:13-59
79            android:value="static" />
79-->[com.yandex.android:maps.mobile:4.3.1-full] AndroidManifest.xml:27:13-35
80
81        <service
81-->[com.yandex.android:maps.mobile:4.3.1-full] AndroidManifest.xml:29:9-32:72
82            android:name="com.evernote.android.job.patched.internal.v21.PlatformJobService"
82-->[com.yandex.android:maps.mobile:4.3.1-full] AndroidManifest.xml:30:13-92
83            android:exported="false"
83-->[com.yandex.android:maps.mobile:4.3.1-full] AndroidManifest.xml:31:13-37
84            android:permission="android.permission.BIND_JOB_SERVICE" />
84-->[com.yandex.android:maps.mobile:4.3.1-full] AndroidManifest.xml:32:13-69
85        <service
85-->[com.yandex.android:maps.mobile:4.3.1-full] AndroidManifest.xml:33:9-36:72
86            android:name="com.evernote.android.job.patched.internal.v14.PlatformAlarmService"
86-->[com.yandex.android:maps.mobile:4.3.1-full] AndroidManifest.xml:34:13-94
87            android:exported="false"
87-->[com.yandex.android:maps.mobile:4.3.1-full] AndroidManifest.xml:35:13-37
88            android:permission="android.permission.BIND_JOB_SERVICE" />
88-->[com.yandex.android:maps.mobile:4.3.1-full] AndroidManifest.xml:36:13-69
89        <service
89-->[com.yandex.android:maps.mobile:4.3.1-full] AndroidManifest.xml:37:9-39:40
90            android:name="com.evernote.android.job.patched.internal.v14.PlatformAlarmServiceExact"
90-->[com.yandex.android:maps.mobile:4.3.1-full] AndroidManifest.xml:38:13-99
91            android:exported="false" />
91-->[com.yandex.android:maps.mobile:4.3.1-full] AndroidManifest.xml:39:13-37
92
93        <receiver
93-->[com.yandex.android:maps.mobile:4.3.1-full] AndroidManifest.xml:41:9-50:20
94            android:name="com.evernote.android.job.patched.internal.v14.PlatformAlarmReceiver"
94-->[com.yandex.android:maps.mobile:4.3.1-full] AndroidManifest.xml:42:13-95
95            android:exported="false" >
95-->[com.yandex.android:maps.mobile:4.3.1-full] AndroidManifest.xml:43:13-37
96            <intent-filter>
96-->[com.yandex.android:maps.mobile:4.3.1-full] AndroidManifest.xml:44:13-49:29
97
98                <!-- Keep the filter for legacy intents -->
99                <action android:name="com.evernote.android.job.patched.internal.v14.RUN_JOB" />
99-->[com.yandex.android:maps.mobile:4.3.1-full] AndroidManifest.xml:47:17-96
99-->[com.yandex.android:maps.mobile:4.3.1-full] AndroidManifest.xml:47:25-93
100                <action android:name="net.vrallev.android.job.v14.RUN_JOB" />
100-->[com.yandex.android:maps.mobile:4.3.1-full] AndroidManifest.xml:48:17-78
100-->[com.yandex.android:maps.mobile:4.3.1-full] AndroidManifest.xml:48:25-75
101            </intent-filter>
102        </receiver>
103        <receiver
103-->[com.yandex.android:maps.mobile:4.3.1-full] AndroidManifest.xml:51:9-60:20
104            android:name="com.evernote.android.job.patched.internal.JobBootReceiver"
104-->[com.yandex.android:maps.mobile:4.3.1-full] AndroidManifest.xml:52:13-85
105            android:exported="false" >
105-->[com.yandex.android:maps.mobile:4.3.1-full] AndroidManifest.xml:53:13-37
106            <intent-filter>
106-->[com.yandex.android:maps.mobile:4.3.1-full] AndroidManifest.xml:54:13-59:29
107                <action android:name="android.intent.action.BOOT_COMPLETED" />
107-->[com.yandex.android:maps.mobile:4.3.1-full] AndroidManifest.xml:55:17-79
107-->[com.yandex.android:maps.mobile:4.3.1-full] AndroidManifest.xml:55:25-76
108                <action android:name="android.intent.action.QUICKBOOT_POWERON" />
108-->[com.yandex.android:maps.mobile:4.3.1-full] AndroidManifest.xml:56:17-82
108-->[com.yandex.android:maps.mobile:4.3.1-full] AndroidManifest.xml:56:25-79
109                <action android:name="com.htc.intent.action.QUICKBOOT_POWERON" />
109-->[com.yandex.android:maps.mobile:4.3.1-full] AndroidManifest.xml:57:17-82
109-->[com.yandex.android:maps.mobile:4.3.1-full] AndroidManifest.xml:57:25-79
110                <action android:name="android.intent.action.MY_PACKAGE_REPLACED" />
110-->[com.yandex.android:maps.mobile:4.3.1-full] AndroidManifest.xml:58:17-84
110-->[com.yandex.android:maps.mobile:4.3.1-full] AndroidManifest.xml:58:25-81
111            </intent-filter>
112        </receiver>
113
114        <service
114-->[com.yandex.android:maps.mobile:4.3.1-full] AndroidManifest.xml:62:9-65:72
115            android:name="com.evernote.android.job.patched.internal.JobRescheduleService"
115-->[com.yandex.android:maps.mobile:4.3.1-full] AndroidManifest.xml:63:13-90
116            android:exported="false"
116-->[com.yandex.android:maps.mobile:4.3.1-full] AndroidManifest.xml:64:13-37
117            android:permission="android.permission.BIND_JOB_SERVICE" />
117-->[com.yandex.android:maps.mobile:4.3.1-full] AndroidManifest.xml:65:13-69
118        <service
118-->[com.yandex.android:maps.mobile:4.3.1-full] AndroidManifest.xml:66:9-69:72
119            android:name="com.yandex.runtime.connectivity.internal.ConnectivityService"
119-->[com.yandex.android:maps.mobile:4.3.1-full] AndroidManifest.xml:67:13-88
120            android:exported="true"
120-->[com.yandex.android:maps.mobile:4.3.1-full] AndroidManifest.xml:68:13-36
121            android:permission="android.permission.BIND_JOB_SERVICE" />
121-->[com.yandex.android:maps.mobile:4.3.1-full] AndroidManifest.xml:69:13-69
122
123        <provider
123-->[androidx.work:work-runtime:2.8.1] AndroidManifest.xml:29:9-37:20
124            android:name="androidx.startup.InitializationProvider"
124-->[androidx.work:work-runtime:2.8.1] AndroidManifest.xml:30:13-67
125            android:authorities="ru.mirea.maiorovaa.mireaproject.androidx-startup"
125-->[androidx.work:work-runtime:2.8.1] AndroidManifest.xml:31:13-68
126            android:exported="false" >
126-->[androidx.work:work-runtime:2.8.1] AndroidManifest.xml:32:13-37
127            <meta-data
127-->[androidx.work:work-runtime:2.8.1] AndroidManifest.xml:34:13-36:52
128                android:name="androidx.work.WorkManagerInitializer"
128-->[androidx.work:work-runtime:2.8.1] AndroidManifest.xml:35:17-68
129                android:value="androidx.startup" />
129-->[androidx.work:work-runtime:2.8.1] AndroidManifest.xml:36:17-49
130            <meta-data
130-->[androidx.emoji2:emoji2:1.2.0] AndroidManifest.xml:29:13-31:52
131                android:name="androidx.emoji2.text.EmojiCompatInitializer"
131-->[androidx.emoji2:emoji2:1.2.0] AndroidManifest.xml:30:17-75
132                android:value="androidx.startup" />
132-->[androidx.emoji2:emoji2:1.2.0] AndroidManifest.xml:31:17-49
133            <meta-data
133-->[androidx.lifecycle:lifecycle-process:2.7.0] AndroidManifest.xml:29:13-31:52
134                android:name="androidx.lifecycle.ProcessLifecycleInitializer"
134-->[androidx.lifecycle:lifecycle-process:2.7.0] AndroidManifest.xml:30:17-78
135                android:value="androidx.startup" />
135-->[androidx.lifecycle:lifecycle-process:2.7.0] AndroidManifest.xml:31:17-49
136            <meta-data
136-->[androidx.profileinstaller:profileinstaller:1.3.0] AndroidManifest.xml:29:13-31:52
137                android:name="androidx.profileinstaller.ProfileInstallerInitializer"
137-->[androidx.profileinstaller:profileinstaller:1.3.0] AndroidManifest.xml:30:17-85
138                android:value="androidx.startup" />
138-->[androidx.profileinstaller:profileinstaller:1.3.0] AndroidManifest.xml:31:17-49
139        </provider>
140
141        <service
141-->[androidx.work:work-runtime:2.8.1] AndroidManifest.xml:39:9-45:35
142            android:name="androidx.work.impl.background.systemalarm.SystemAlarmService"
142-->[androidx.work:work-runtime:2.8.1] AndroidManifest.xml:40:13-88
143            android:directBootAware="false"
143-->[androidx.work:work-runtime:2.8.1] AndroidManifest.xml:41:13-44
144            android:enabled="@bool/enable_system_alarm_service_default"
144-->[androidx.work:work-runtime:2.8.1] AndroidManifest.xml:42:13-72
145            android:exported="false" />
145-->[androidx.work:work-runtime:2.8.1] AndroidManifest.xml:43:13-37
146        <service
146-->[androidx.work:work-runtime:2.8.1] AndroidManifest.xml:46:9-52:35
147            android:name="androidx.work.impl.background.systemjob.SystemJobService"
147-->[androidx.work:work-runtime:2.8.1] AndroidManifest.xml:47:13-84
148            android:directBootAware="false"
148-->[androidx.work:work-runtime:2.8.1] AndroidManifest.xml:48:13-44
149            android:enabled="@bool/enable_system_job_service_default"
149-->[androidx.work:work-runtime:2.8.1] AndroidManifest.xml:49:13-70
150            android:exported="true"
150-->[androidx.work:work-runtime:2.8.1] AndroidManifest.xml:50:13-36
151            android:permission="android.permission.BIND_JOB_SERVICE" />
151-->[androidx.work:work-runtime:2.8.1] AndroidManifest.xml:51:13-69
152        <service
152-->[androidx.work:work-runtime:2.8.1] AndroidManifest.xml:53:9-59:35
153            android:name="androidx.work.impl.foreground.SystemForegroundService"
153-->[androidx.work:work-runtime:2.8.1] AndroidManifest.xml:54:13-81
154            android:directBootAware="false"
154-->[androidx.work:work-runtime:2.8.1] AndroidManifest.xml:55:13-44
155            android:enabled="@bool/enable_system_foreground_service_default"
155-->[androidx.work:work-runtime:2.8.1] AndroidManifest.xml:56:13-77
156            android:exported="false" />
156-->[androidx.work:work-runtime:2.8.1] AndroidManifest.xml:57:13-37
157
158        <receiver
158-->[androidx.work:work-runtime:2.8.1] AndroidManifest.xml:61:9-66:35
159            android:name="androidx.work.impl.utils.ForceStopRunnable$BroadcastReceiver"
159-->[androidx.work:work-runtime:2.8.1] AndroidManifest.xml:62:13-88
160            android:directBootAware="false"
160-->[androidx.work:work-runtime:2.8.1] AndroidManifest.xml:63:13-44
161            android:enabled="true"
161-->[androidx.work:work-runtime:2.8.1] AndroidManifest.xml:64:13-35
162            android:exported="false" />
162-->[androidx.work:work-runtime:2.8.1] AndroidManifest.xml:65:13-37
163        <receiver
163-->[androidx.work:work-runtime:2.8.1] AndroidManifest.xml:67:9-77:20
164            android:name="androidx.work.impl.background.systemalarm.ConstraintProxy$BatteryChargingProxy"
164-->[androidx.work:work-runtime:2.8.1] AndroidManifest.xml:68:13-106
165            android:directBootAware="false"
165-->[androidx.work:work-runtime:2.8.1] AndroidManifest.xml:69:13-44
166            android:enabled="false"
166-->[androidx.work:work-runtime:2.8.1] AndroidManifest.xml:70:13-36
167            android:exported="false" >
167-->[androidx.work:work-runtime:2.8.1] AndroidManifest.xml:71:13-37
168            <intent-filter>
168-->[androidx.work:work-runtime:2.8.1] AndroidManifest.xml:73:13-76:29
169                <action android:name="android.intent.action.ACTION_POWER_CONNECTED" />
169-->[androidx.work:work-runtime:2.8.1] AndroidManifest.xml:74:17-87
169-->[androidx.work:work-runtime:2.8.1] AndroidManifest.xml:74:25-84
170                <action android:name="android.intent.action.ACTION_POWER_DISCONNECTED" />
170-->[androidx.work:work-runtime:2.8.1] AndroidManifest.xml:75:17-90
170-->[androidx.work:work-runtime:2.8.1] AndroidManifest.xml:75:25-87
171            </intent-filter>
172        </receiver>
173        <receiver
173-->[androidx.work:work-runtime:2.8.1] AndroidManifest.xml:78:9-88:20
174            android:name="androidx.work.impl.background.systemalarm.ConstraintProxy$BatteryNotLowProxy"
174-->[androidx.work:work-runtime:2.8.1] AndroidManifest.xml:79:13-104
175            android:directBootAware="false"
175-->[androidx.work:work-runtime:2.8.1] AndroidManifest.xml:80:13-44
176            android:enabled="false"
176-->[androidx.work:work-runtime:2.8.1] AndroidManifest.xml:81:13-36
177            android:exported="false" >
177-->[androidx.work:work-runtime:2.8.1] AndroidManifest.xml:82:13-37
178            <intent-filter>
178-->[androidx.work:work-runtime:2.8.1] AndroidManifest.xml:84:13-87:29
179                <action android:name="android.intent.action.BATTERY_OKAY" />
179-->[androidx.work:work-runtime:2.8.1] AndroidManifest.xml:85:17-77
179-->[androidx.work:work-runtime:2.8.1] AndroidManifest.xml:85:25-74
180                <action android:name="android.intent.action.BATTERY_LOW" />
180-->[androidx.work:work-runtime:2.8.1] AndroidManifest.xml:86:17-76
180-->[androidx.work:work-runtime:2.8.1] AndroidManifest.xml:86:25-73
181            </intent-filter>
182        </receiver>
183        <receiver
183-->[androidx.work:work-runtime:2.8.1] AndroidManifest.xml:89:9-99:20
184            android:name="androidx.work.impl.background.systemalarm.ConstraintProxy$StorageNotLowProxy"
184-->[androidx.work:work-runtime:2.8.1] AndroidManifest.xml:90:13-104
185            android:directBootAware="false"
185-->[androidx.work:work-runtime:2.8.1] AndroidManifest.xml:91:13-44
186            android:enabled="false"
186-->[androidx.work:work-runtime:2.8.1] AndroidManifest.xml:92:13-36
187            android:exported="false" >
187-->[androidx.work:work-runtime:2.8.1] AndroidManifest.xml:93:13-37
188            <intent-filter>
188-->[androidx.work:work-runtime:2.8.1] AndroidManifest.xml:95:13-98:29
189                <action android:name="android.intent.action.DEVICE_STORAGE_LOW" />
189-->[androidx.work:work-runtime:2.8.1] AndroidManifest.xml:96:17-83
189-->[androidx.work:work-runtime:2.8.1] AndroidManifest.xml:96:25-80
190                <action android:name="android.intent.action.DEVICE_STORAGE_OK" />
190-->[androidx.work:work-runtime:2.8.1] AndroidManifest.xml:97:17-82
190-->[androidx.work:work-runtime:2.8.1] AndroidManifest.xml:97:25-79
191            </intent-filter>
192        </receiver>
193        <receiver
193-->[androidx.work:work-runtime:2.8.1] AndroidManifest.xml:100:9-109:20
194            android:name="androidx.work.impl.background.systemalarm.ConstraintProxy$NetworkStateProxy"
194-->[androidx.work:work-runtime:2.8.1] AndroidManifest.xml:101:13-103
195            android:directBootAware="false"
195-->[androidx.work:work-runtime:2.8.1] AndroidManifest.xml:102:13-44
196            android:enabled="false"
196-->[androidx.work:work-runtime:2.8.1] AndroidManifest.xml:103:13-36
197            android:exported="false" >
197-->[androidx.work:work-runtime:2.8.1] AndroidManifest.xml:104:13-37
198            <intent-filter>
198-->[androidx.work:work-runtime:2.8.1] AndroidManifest.xml:106:13-108:29
199                <action android:name="android.net.conn.CONNECTIVITY_CHANGE" />
199-->[androidx.work:work-runtime:2.8.1] AndroidManifest.xml:107:17-79
199-->[androidx.work:work-runtime:2.8.1] AndroidManifest.xml:107:25-76
200            </intent-filter>
201        </receiver>
202        <receiver
202-->[androidx.work:work-runtime:2.8.1] AndroidManifest.xml:110:9-121:20
203            android:name="androidx.work.impl.background.systemalarm.RescheduleReceiver"
203-->[androidx.work:work-runtime:2.8.1] AndroidManifest.xml:111:13-88
204            android:directBootAware="false"
204-->[androidx.work:work-runtime:2.8.1] AndroidManifest.xml:112:13-44
205            android:enabled="false"
205-->[androidx.work:work-runtime:2.8.1] AndroidManifest.xml:113:13-36
206            android:exported="false" >
206-->[androidx.work:work-runtime:2.8.1] AndroidManifest.xml:114:13-37
207            <intent-filter>
207-->[androidx.work:work-runtime:2.8.1] AndroidManifest.xml:116:13-120:29
208                <action android:name="android.intent.action.BOOT_COMPLETED" />
208-->[com.yandex.android:maps.mobile:4.3.1-full] AndroidManifest.xml:55:17-79
208-->[com.yandex.android:maps.mobile:4.3.1-full] AndroidManifest.xml:55:25-76
209                <action android:name="android.intent.action.TIME_SET" />
209-->[androidx.work:work-runtime:2.8.1] AndroidManifest.xml:118:17-73
209-->[androidx.work:work-runtime:2.8.1] AndroidManifest.xml:118:25-70
210                <action android:name="android.intent.action.TIMEZONE_CHANGED" />
210-->[androidx.work:work-runtime:2.8.1] AndroidManifest.xml:119:17-81
210-->[androidx.work:work-runtime:2.8.1] AndroidManifest.xml:119:25-78
211            </intent-filter>
212        </receiver>
213        <receiver
213-->[androidx.work:work-runtime:2.8.1] AndroidManifest.xml:122:9-131:20
214            android:name="androidx.work.impl.background.systemalarm.ConstraintProxyUpdateReceiver"
214-->[androidx.work:work-runtime:2.8.1] AndroidManifest.xml:123:13-99
215            android:directBootAware="false"
215-->[androidx.work:work-runtime:2.8.1] AndroidManifest.xml:124:13-44
216            android:enabled="@bool/enable_system_alarm_service_default"
216-->[androidx.work:work-runtime:2.8.1] AndroidManifest.xml:125:13-72
217            android:exported="false" >
217-->[androidx.work:work-runtime:2.8.1] AndroidManifest.xml:126:13-37
218            <intent-filter>
218-->[androidx.work:work-runtime:2.8.1] AndroidManifest.xml:128:13-130:29
219                <action android:name="androidx.work.impl.background.systemalarm.UpdateProxies" />
219-->[androidx.work:work-runtime:2.8.1] AndroidManifest.xml:129:17-98
219-->[androidx.work:work-runtime:2.8.1] AndroidManifest.xml:129:25-95
220            </intent-filter>
221        </receiver>
222        <receiver
222-->[androidx.work:work-runtime:2.8.1] AndroidManifest.xml:132:9-142:20
223            android:name="androidx.work.impl.diagnostics.DiagnosticsReceiver"
223-->[androidx.work:work-runtime:2.8.1] AndroidManifest.xml:133:13-78
224            android:directBootAware="false"
224-->[androidx.work:work-runtime:2.8.1] AndroidManifest.xml:134:13-44
225            android:enabled="true"
225-->[androidx.work:work-runtime:2.8.1] AndroidManifest.xml:135:13-35
226            android:exported="true"
226-->[androidx.work:work-runtime:2.8.1] AndroidManifest.xml:136:13-36
227            android:permission="android.permission.DUMP" >
227-->[androidx.work:work-runtime:2.8.1] AndroidManifest.xml:137:13-57
228            <intent-filter>
228-->[androidx.work:work-runtime:2.8.1] AndroidManifest.xml:139:13-141:29
229                <action android:name="androidx.work.diagnostics.REQUEST_DIAGNOSTICS" />
229-->[androidx.work:work-runtime:2.8.1] AndroidManifest.xml:140:17-88
229-->[androidx.work:work-runtime:2.8.1] AndroidManifest.xml:140:25-85
230            </intent-filter>
231        </receiver>
232
233        <activity
233-->[com.google.firebase:firebase-auth:22.3.1] AndroidManifest.xml:29:9-46:20
234            android:name="com.google.firebase.auth.internal.GenericIdpActivity"
234-->[com.google.firebase:firebase-auth:22.3.1] AndroidManifest.xml:30:13-80
235            android:excludeFromRecents="true"
235-->[com.google.firebase:firebase-auth:22.3.1] AndroidManifest.xml:31:13-46
236            android:exported="true"
236-->[com.google.firebase:firebase-auth:22.3.1] AndroidManifest.xml:32:13-36
237            android:launchMode="singleTask"
237-->[com.google.firebase:firebase-auth:22.3.1] AndroidManifest.xml:33:13-44
238            android:theme="@android:style/Theme.Translucent.NoTitleBar" >
238-->[com.google.firebase:firebase-auth:22.3.1] AndroidManifest.xml:34:13-72
239            <intent-filter>
239-->[com.google.firebase:firebase-auth:22.3.1] AndroidManifest.xml:35:13-45:29
240                <action android:name="android.intent.action.VIEW" />
240-->[com.google.firebase:firebase-auth:22.3.1] AndroidManifest.xml:36:17-69
240-->[com.google.firebase:firebase-auth:22.3.1] AndroidManifest.xml:36:25-66
241
242                <category android:name="android.intent.category.DEFAULT" />
242-->[com.google.firebase:firebase-auth:22.3.1] AndroidManifest.xml:38:17-76
242-->[com.google.firebase:firebase-auth:22.3.1] AndroidManifest.xml:38:27-73
243                <category android:name="android.intent.category.BROWSABLE" />
243-->[com.google.firebase:firebase-auth:22.3.1] AndroidManifest.xml:39:17-78
243-->[com.google.firebase:firebase-auth:22.3.1] AndroidManifest.xml:39:27-75
244
245                <data
245-->[com.google.firebase:firebase-auth:22.3.1] AndroidManifest.xml:41:17-44:51
246                    android:host="firebase.auth"
246-->[com.google.firebase:firebase-auth:22.3.1] AndroidManifest.xml:42:21-49
247                    android:path="/"
247-->[com.google.firebase:firebase-auth:22.3.1] AndroidManifest.xml:43:21-37
248                    android:scheme="genericidp" />
248-->[com.google.firebase:firebase-auth:22.3.1] AndroidManifest.xml:44:21-48
249            </intent-filter>
250        </activity>
251        <activity
251-->[com.google.firebase:firebase-auth:22.3.1] AndroidManifest.xml:47:9-64:20
252            android:name="com.google.firebase.auth.internal.RecaptchaActivity"
252-->[com.google.firebase:firebase-auth:22.3.1] AndroidManifest.xml:48:13-79
253            android:excludeFromRecents="true"
253-->[com.google.firebase:firebase-auth:22.3.1] AndroidManifest.xml:49:13-46
254            android:exported="true"
254-->[com.google.firebase:firebase-auth:22.3.1] AndroidManifest.xml:50:13-36
255            android:launchMode="singleTask"
255-->[com.google.firebase:firebase-auth:22.3.1] AndroidManifest.xml:51:13-44
256            android:theme="@android:style/Theme.Translucent.NoTitleBar" >
256-->[com.google.firebase:firebase-auth:22.3.1] AndroidManifest.xml:52:13-72
257            <intent-filter>
257-->[com.google.firebase:firebase-auth:22.3.1] AndroidManifest.xml:53:13-63:29
258                <action android:name="android.intent.action.VIEW" />
258-->[com.google.firebase:firebase-auth:22.3.1] AndroidManifest.xml:36:17-69
258-->[com.google.firebase:firebase-auth:22.3.1] AndroidManifest.xml:36:25-66
259
260                <category android:name="android.intent.category.DEFAULT" />
260-->[com.google.firebase:firebase-auth:22.3.1] AndroidManifest.xml:38:17-76
260-->[com.google.firebase:firebase-auth:22.3.1] AndroidManifest.xml:38:27-73
261                <category android:name="android.intent.category.BROWSABLE" />
261-->[com.google.firebase:firebase-auth:22.3.1] AndroidManifest.xml:39:17-78
261-->[com.google.firebase:firebase-auth:22.3.1] AndroidManifest.xml:39:27-75
262
263                <data
263-->[com.google.firebase:firebase-auth:22.3.1] AndroidManifest.xml:41:17-44:51
264                    android:host="firebase.auth"
264-->[com.google.firebase:firebase-auth:22.3.1] AndroidManifest.xml:42:21-49
265                    android:path="/"
265-->[com.google.firebase:firebase-auth:22.3.1] AndroidManifest.xml:43:21-37
266                    android:scheme="recaptcha" />
266-->[com.google.firebase:firebase-auth:22.3.1] AndroidManifest.xml:44:21-48
267            </intent-filter>
268        </activity>
269
270        <service
270-->[com.google.firebase:firebase-auth:22.3.1] AndroidManifest.xml:66:9-72:19
271            android:name="com.google.firebase.components.ComponentDiscoveryService"
271-->[com.google.firebase:firebase-auth:22.3.1] AndroidManifest.xml:67:13-84
272            android:directBootAware="true"
272-->[com.google.firebase:firebase-common:20.4.2] AndroidManifest.xml:32:13-43
273            android:exported="false" >